[2026-06-21 07:05:43] [INFO] Waiting for client...
[2026-06-21 07:19:33] [INFO] Waiting for client...
[2026-06-21 07:19:37] [WARN] Server shutdown in 60 seconds
[2026-06-21 08:07:21] [INFO] Waiting for client...
[2026-06-21 08:07:27] [INFO] Total number of clients on server: 0
[2026-06-21 08:07:27] [INFO] Total number of clients in matchmaking queue: 0
[2026-06-21 08:07:27] [INFO] Total number of ongoing matches: 0
[2026-06-21 08:07:27] [INFO] Total number of worker threads: 8
[2026-06-21 08:07:32] [WARN] Server shutdown in 5 seconds
[2026-06-21 12:10:36] [INFO] Waiting for client...
[2026-06-21 12:10:45] [INFO] Client joined the server | ID : 1
[2026-06-21 12:10:45] [INFO] Waiting for client...
[2026-06-21 12:10:53] [WARN] Client left the server | ID: 1
[2026-06-21 12:11:02] [WARN] Server shutdown in 5 seconds
[2026-06-21 12:38:31] [INFO] Waiting for client...
[2026-06-21 12:38:38] [INFO] Client joined the server | ID : 1
[2026-06-21 12:38:38] [INFO] Waiting for client...
[2026-06-21 12:38:55] [INFO] Client joined the server | ID : 2
[2026-06-21 12:38:55] [INFO] Waiting for client...
[2026-06-21 12:39:40] [WARN] Client left the server | ID: 2
[2026-06-21 12:39:45] [WARN] Client left the server | ID: 1
